  stdafx.cpp
  ClipX.cpp
C:\Users\Siepmann\OneDrive - Spectris - Test and Measurement\Desktop\Treiber\API\CLIPX_ClipXApi\ClipX\ClipX.cpp(55,1): warning C4273: "ClipX::ClipX": Inkonsistente DLL-Bindung.
C:\Users\Siepmann\OneDrive - Spectris - Test and Measurement\Desktop\Treiber\API\CLIPX_ClipXApi\ClipX\ClipX.h(28,2): message : Siehe vorherige Definition von "{ctor}"
C:\Users\Siepmann\OneDrive - Spectris - Test and Measurement\Desktop\Treiber\API\CLIPX_ClipXApi\ClipX\ClipX.cpp(69,31): warning C4273: "ClipX::GetOverFlowFlag": Inkonsistente DLL-Bindung.
C:\Users\Siepmann\OneDrive - Spectris - Test and Measurement\Desktop\Treiber\API\CLIPX_ClipXApi\ClipX\ClipX.h(38,17): message : Siehe vorherige Definition von "GetOverFlowFlag"
C:\Users\Siepmann\OneDrive - Spectris - Test and Measurement\Desktop\Treiber\API\CLIPX_ClipXApi\ClipX\ClipX.cpp(73,61): warning C4273: "CLIPX_GetSignalTypeByID": Inkonsistente DLL-Bindung.
C:\Users\Siepmann\OneDrive - Spectris - Test and Measurement\Desktop\Treiber\API\CLIPX_ClipXApi\ClipX\ClipX.h(16,16): message : Siehe vorherige Definition von "CLIPX_GetSignalTypeByID"
C:\Users\Siepmann\OneDrive - Spectris - Test and Measurement\Desktop\Treiber\API\CLIPX_ClipXApi\ClipX\ClipX.cpp(78,14): warning C4018: "<": Konflikt zwischen "signed" und "unsigned"
C:\Users\Siepmann\OneDrive - Spectris - Test and Measurement\Desktop\Treiber\API\CLIPX_ClipXApi\ClipX\ClipX.cpp(88,41): warning C4273: "CLIPX_GetSignalIDByType": Inkonsistente DLL-Bindung.
C:\Users\Siepmann\OneDrive - Spectris - Test and Measurement\Desktop\Treiber\API\CLIPX_ClipXApi\ClipX\ClipX.h(17,16): message : Siehe vorherige Definition von "CLIPX_GetSignalIDByType"
C:\Users\Siepmann\OneDrive - Spectris - Test and Measurement\Desktop\Treiber\API\CLIPX_ClipXApi\ClipX\ClipX.cpp(99,65): warning C4273: "CLIPX_GetTransducerTypeByID": Inkonsistente DLL-Bindung.
C:\Users\Siepmann\OneDrive - Spectris - Test and Measurement\Desktop\Treiber\API\CLIPX_ClipXApi\ClipX\ClipX.h(18,16): message : Siehe vorherige Definition von "CLIPX_GetTransducerTypeByID"
C:\Users\Siepmann\OneDrive - Spectris - Test and Measurement\Desktop\Treiber\API\CLIPX_ClipXApi\ClipX\ClipX.cpp(104,14): warning C4018: "<": Konflikt zwischen "signed" und "unsigned"
C:\Users\Siepmann\OneDrive - Spectris - Test and Measurement\Desktop\Treiber\API\CLIPX_ClipXApi\ClipX\ClipX.cpp(114,27): warning C4273: "ClipX::ClearBuffer": Inkonsistente DLL-Bindung.
C:\Users\Siepmann\OneDrive - Spectris - Test and Measurement\Desktop\Treiber\API\CLIPX_ClipXApi\ClipX\ClipX.h(41,17): message : Siehe vorherige Definition von "ClearBuffer"
C:\Users\Siepmann\OneDrive - Spectris - Test and Measurement\Desktop\Treiber\API\CLIPX_ClipXApi\ClipX\ClipX.cpp(119,1): warning C4273: "ClipX::SDORead": Inkonsistente DLL-Bindung.
C:\Users\Siepmann\OneDrive - Spectris - Test and Measurement\Desktop\Treiber\API\CLIPX_ClipXApi\ClipX\ClipX.h(31,16): message : Siehe vorherige Definition von "SDORead"
C:\Users\Siepmann\OneDrive - Spectris - Test and Measurement\Desktop\Treiber\API\CLIPX_ClipXApi\ClipX\ClipX.cpp(132,1): warning C4273: "ClipX::SDOWrite": Inkonsistente DLL-Bindung.
C:\Users\Siepmann\OneDrive - Spectris - Test and Measurement\Desktop\Treiber\API\CLIPX_ClipXApi\ClipX\ClipX.h(32,16): message : Siehe vorherige Definition von "SDOWrite"
C:\Users\Siepmann\OneDrive - Spectris - Test and Measurement\Desktop\Treiber\API\CLIPX_ClipXApi\ClipX\ClipX.cpp(147,31): warning C4273: "ClipX::startMeasurement": Inkonsistente DLL-Bindung.
C:\Users\Siepmann\OneDrive - Spectris - Test and Measurement\Desktop\Treiber\API\CLIPX_ClipXApi\ClipX\ClipX.h(33,16): message : Siehe vorherige Definition von "startMeasurement"
C:\Users\Siepmann\OneDrive - Spectris - Test and Measurement\Desktop\Treiber\API\CLIPX_ClipXApi\ClipX\ClipX.cpp(176,25): warning C4244: "=": Konvertierung von "time_t" in "unsigned long", möglicher Datenverlust
C:\Users\Siepmann\OneDrive - Spectris - Test and Measurement\Desktop\Treiber\API\CLIPX_ClipXApi\ClipX\ClipX.cpp(224,29): warning C4273: "ClipX::AvailableLines": Inkonsistente DLL-Bindung.
C:\Users\Siepmann\OneDrive - Spectris - Test and Measurement\Desktop\Treiber\API\CLIPX_ClipXApi\ClipX\ClipX.h(34,16): message : Siehe vorherige Definition von "AvailableLines"
C:\Users\Siepmann\OneDrive - Spectris - Test and Measurement\Desktop\Treiber\API\CLIPX_ClipXApi\ClipX\ClipX.cpp(231,1): warning C4273: "ClipX::ReadNextLine": Inkonsistente DLL-Bindung.
C:\Users\Siepmann\OneDrive - Spectris - Test and Measurement\Desktop\Treiber\API\CLIPX_ClipXApi\ClipX\ClipX.h(35,16): message : Siehe vorherige Definition von "ReadNextLine"
C:\Users\Siepmann\OneDrive - Spectris - Test and Measurement\Desktop\Treiber\API\CLIPX_ClipXApi\ClipX\ClipX.cpp(245,7): warning C4101: "buf": Unreferenzierte lokale Variable
C:\Users\Siepmann\OneDrive - Spectris - Test and Measurement\Desktop\Treiber\API\CLIPX_ClipXApi\ClipX\ClipX.cpp(251,150): warning C4273: "ClipX::ReadNextBlock": Inkonsistente DLL-Bindung.
C:\Users\Siepmann\OneDrive - Spectris - Test and Measurement\Desktop\Treiber\API\CLIPX_ClipXApi\ClipX\ClipX.h(36,16): message : Siehe vorherige Definition von "ReadNextBlock"
C:\Users\Siepmann\OneDrive - Spectris - Test and Measurement\Desktop\Treiber\API\CLIPX_ClipXApi\ClipX\ClipX.cpp(276,30): warning C4273: "ClipX::SetReadToWrite": Inkonsistente DLL-Bindung.
C:\Users\Siepmann\OneDrive - Spectris - Test and Measurement\Desktop\Treiber\API\CLIPX_ClipXApi\ClipX\ClipX.h(39,17): message : Siehe vorherige Definition von "SetReadToWrite"
C:\Users\Siepmann\OneDrive - Spectris - Test and Measurement\Desktop\Treiber\API\CLIPX_ClipXApi\ClipX\ClipX.cpp(281,30): warning C4273: "ClipX::stopMeasurement": Inkonsistente DLL-Bindung.
C:\Users\Siepmann\OneDrive - Spectris - Test and Measurement\Desktop\Treiber\API\CLIPX_ClipXApi\ClipX\ClipX.h(37,16): message : Siehe vorherige Definition von "stopMeasurement"
C:\Users\Siepmann\OneDrive - Spectris - Test and Measurement\Desktop\Treiber\API\CLIPX_ClipXApi\ClipX\ClipX.cpp(292,24): warning C4273: "ClipX::KeepAlive": Inkonsistente DLL-Bindung.
C:\Users\Siepmann\OneDrive - Spectris - Test and Measurement\Desktop\Treiber\API\CLIPX_ClipXApi\ClipX\ClipX.h(46,16): message : Siehe vorherige Definition von "KeepAlive"
C:\Users\Siepmann\OneDrive - Spectris - Test and Measurement\Desktop\Treiber\API\CLIPX_ClipXApi\ClipX\ClipX.cpp(301,27): warning C4273: "ClipX::isConnected": Inkonsistente DLL-Bindung.
C:\Users\Siepmann\OneDrive - Spectris - Test and Measurement\Desktop\Treiber\API\CLIPX_ClipXApi\ClipX\ClipX.h(40,17): message : Siehe vorherige Definition von "isConnected"
C:\Users\Siepmann\OneDrive - Spectris - Test and Measurement\Desktop\Treiber\API\CLIPX_ClipXApi\ClipX\ClipX.cpp(306,1): warning C4273: "ClipX::Connect": Inkonsistente DLL-Bindung.
C:\Users\Siepmann\OneDrive - Spectris - Test and Measurement\Desktop\Treiber\API\CLIPX_ClipXApi\ClipX\ClipX.h(29,16): message : Siehe vorherige Definition von "Connect"
C:\Users\Siepmann\OneDrive - Spectris - Test and Measurement\Desktop\Treiber\API\CLIPX_ClipXApi\ClipX\ClipX.cpp(342,1): warning C4273: "ClipX::Disconnect": Inkonsistente DLL-Bindung.
C:\Users\Siepmann\OneDrive - Spectris - Test and Measurement\Desktop\Treiber\API\CLIPX_ClipXApi\ClipX\ClipX.h(30,16): message : Siehe vorherige Definition von "Disconnect"
C:\Users\Siepmann\OneDrive - Spectris - Test and Measurement\Desktop\Treiber\API\CLIPX_ClipXApi\ClipX\ClipX.cpp(352,1): warning C4273: "ClipX::~ClipX": Inkonsistente DLL-Bindung.
C:\Users\Siepmann\OneDrive - Spectris - Test and Measurement\Desktop\Treiber\API\CLIPX_ClipXApi\ClipX\ClipX.h(42,13): message : Siehe vorherige Definition von "{dtor}"
  ClipX_Interface.cpp
C:\Users\Siepmann\OneDrive - Spectris - Test and Measurement\Desktop\Treiber\API\CLIPX_ClipXApi\ClipX\ClipX_Interface.cpp(10,1): warning C4273: "ClipX_Connect": Inkonsistente DLL-Bindung.
C:\Users\Siepmann\OneDrive - Spectris - Test and Measurement\Desktop\Treiber\API\CLIPX_ClipXApi\ClipX\ClipX_Interface.h(21,30): message : Siehe vorherige Definition von "ClipX_Connect"
C:\Users\Siepmann\OneDrive - Spectris - Test and Measurement\Desktop\Treiber\API\CLIPX_ClipXApi\ClipX\ClipX_Interface.cpp(22,1): warning C4273: "ClipX_Disconnect": Inkonsistente DLL-Bindung.
C:\Users\Siepmann\OneDrive - Spectris - Test and Measurement\Desktop\Treiber\API\CLIPX_ClipXApi\ClipX\ClipX_Interface.h(30,27): message : Siehe vorherige Definition von "ClipX_Disconnect"
C:\Users\Siepmann\OneDrive - Spectris - Test and Measurement\Desktop\Treiber\API\CLIPX_ClipXApi\ClipX\ClipX_Interface.cpp(33,1): warning C4273: "ClipX_SDORead": Inkonsistente DLL-Bindung.
C:\Users\Siepmann\OneDrive - Spectris - Test and Measurement\Desktop\Treiber\API\CLIPX_ClipXApi\ClipX\ClipX_Interface.h(22,27): message : Siehe vorherige Definition von "ClipX_SDORead"
C:\Users\Siepmann\OneDrive - Spectris - Test and Measurement\Desktop\Treiber\API\CLIPX_ClipXApi\ClipX\ClipX_Interface.cpp(44,1): warning C4273: "ClipX_SDOWrite": Inkonsistente DLL-Bindung.
C:\Users\Siepmann\OneDrive - Spectris - Test and Measurement\Desktop\Treiber\API\CLIPX_ClipXApi\ClipX\ClipX_Interface.h(23,27): message : Siehe vorherige Definition von "ClipX_SDOWrite"
C:\Users\Siepmann\OneDrive - Spectris - Test and Measurement\Desktop\Treiber\API\CLIPX_ClipXApi\ClipX\ClipX_Interface.cpp(54,45): warning C4273: "ClipX_isConnected": Inkonsistente DLL-Bindung.
C:\Users\Siepmann\OneDrive - Spectris - Test and Measurement\Desktop\Treiber\API\CLIPX_ClipXApi\ClipX\ClipX_Interface.h(31,27): message : Siehe vorherige Definition von "ClipX_isConnected"
C:\Users\Siepmann\OneDrive - Spectris - Test and Measurement\Desktop\Treiber\API\CLIPX_ClipXApi\ClipX\ClipX_Interface.cpp(62,1): warning C4273: "ClipX_startMeasurement": Inkonsistente DLL-Bindung.
C:\Users\Siepmann\OneDrive - Spectris - Test and Measurement\Desktop\Treiber\API\CLIPX_ClipXApi\ClipX\ClipX_Interface.h(24,26): message : Siehe vorherige Definition von "ClipX_startMeasurement"
C:\Users\Siepmann\OneDrive - Spectris - Test and Measurement\Desktop\Treiber\API\CLIPX_ClipXApi\ClipX\ClipX_Interface.cpp(73,1): warning C4273: "ClipX_stopMeasurement": Inkonsistente DLL-Bindung.
C:\Users\Siepmann\OneDrive - Spectris - Test and Measurement\Desktop\Treiber\API\CLIPX_ClipXApi\ClipX\ClipX_Interface.h(29,26): message : Siehe vorherige Definition von "ClipX_stopMeasurement"
C:\Users\Siepmann\OneDrive - Spectris - Test and Measurement\Desktop\Treiber\API\CLIPX_ClipXApi\ClipX\ClipX_Interface.cpp(84,1): warning C4273: "ClipX_AvailableLines": Inkonsistente DLL-Bindung.
C:\Users\Siepmann\OneDrive - Spectris - Test and Measurement\Desktop\Treiber\API\CLIPX_ClipXApi\ClipX\ClipX_Interface.h(25,26): message : Siehe vorherige Definition von "ClipX_AvailableLines"
C:\Users\Siepmann\OneDrive - Spectris - Test and Measurement\Desktop\Treiber\API\CLIPX_ClipXApi\ClipX\ClipX_Interface.cpp(94,61): warning C4273: "ClipX_ReadNextLine": Inkonsistente DLL-Bindung.
C:\Users\Siepmann\OneDrive - Spectris - Test and Measurement\Desktop\Treiber\API\CLIPX_ClipXApi\ClipX\ClipX_Interface.h(26,26): message : Siehe vorherige Definition von "ClipX_ReadNextLine"
C:\Users\Siepmann\OneDrive - Spectris - Test and Measurement\Desktop\Treiber\API\CLIPX_ClipXApi\ClipX\ClipX_Interface.cpp(104,48): warning C4273: "ClipX_SetReadToWrite": Inkonsistente DLL-Bindung.
C:\Users\Siepmann\OneDrive - Spectris - Test and Measurement\Desktop\Treiber\API\CLIPX_ClipXApi\ClipX\ClipX_Interface.h(28,27): message : Siehe vorherige Definition von "ClipX_SetReadToWrite"
C:\Users\Siepmann\OneDrive - Spectris - Test and Measurement\Desktop\Treiber\API\CLIPX_ClipXApi\ClipX\ClipX_Interface.cpp(114,170): warning C4273: "ClipX_ReadNextBlock": Inkonsistente DLL-Bindung.
C:\Users\Siepmann\OneDrive - Spectris - Test and Measurement\Desktop\Treiber\API\CLIPX_ClipXApi\ClipX\ClipX_Interface.h(27,26): message : Siehe vorherige Definition von "ClipX_ReadNextBlock"
  dllmain.cpp
     Bibliothek "C:\Users\Siepmann\OneDrive - Spectris - Test and Measurement\Desktop\Treiber\API\CLIPX_ClipXApi\Release\ClipXApi.lib" und Objekt "C:\Users\Siepmann\OneDrive - Spectris - Test and Measurement\Desktop\Treiber\API\CLIPX_ClipXApi\Release\ClipXApi.exp" werden erstellt.
  Code wird generiert.
  Previous IPDB not found, fall back to full compilation.
C:\Users\Siepmann\OneDrive - Spectris - Test and Measurement\Desktop\Treiber\API\CLIPX_ClipXApi\ClipX\ClipX.cpp(97): warning C4715: "CLIPX_GetSignalIDByType": Nicht alle Codepfade geben einen Wert zurück.
  All 172 functions were compiled because no usable IPDB/IOBJ from previous compilation was found.
  Codegenerierung ist abgeschlossen.
  ClipX.vcxproj -> C:\Users\Siepmann\OneDrive - Spectris - Test and Measurement\Desktop\Treiber\API\CLIPX_ClipXApi\Release\ClipXApi.dll
  ************** POST BUILD EVENTS *****************
  ************** Copy output to program files ********
  INFO: Visual Studio must be started with ADMIN rights
          1 Datei(en) kopiert.
          1 Datei(en) kopiert.
