c:\users\siepmann\desktop\clipx_clipxapi\clipx\x64\debug\clipxapi.pch
c:\users\siepmann\desktop\clipx_clipxapi\clipx\x64\debug\vc142.pdb
c:\users\siepmann\desktop\clipx_clipxapi\clipx\x64\debug\vc142.idb
c:\users\siepmann\desktop\clipx_clipxapi\clipx\x64\debug\stdafx.obj
c:\users\siepmann\desktop\clipx_clipxapi\clipx\x64\debug\dllmain.obj
c:\users\siepmann\desktop\clipx_clipxapi\clipx\x64\debug\clipx_interface.obj
c:\users\siepmann\desktop\clipx_clipxapi\clipx\x64\debug\clipx.obj
c:\users\siepmann\desktop\clipx_clipxapi\x64\debug\clipxapi.lib
c:\users\siepmann\desktop\clipx_clipxapi\x64\debug\clipxapi.exp
c:\users\siepmann\desktop\clipx_clipxapi\x64\debug\clipxapi.dll
c:\users\siepmann\desktop\clipx_clipxapi\x64\debug\clipxapi.ilk
c:\users\siepmann\desktop\clipx_clipxapi\x64\debug\clipxapi.pdb
c:\users\siepmann\desktop\clipx_clipxapi\clipx\x64\debug\vc141.idb
c:\users\siepmann\desktop\clipx_clipxapi\clipx\x64\debug\vc141.pdb
c:\users\siepmann\desktop\clipx_clipxapi\clipx\x64\debug\clipxapi.tlog\cl.command.1.tlog
c:\users\siepmann\desktop\clipx_clipxapi\clipx\x64\debug\clipxapi.tlog\cl.read.1.tlog
c:\users\siepmann\desktop\clipx_clipxapi\clipx\x64\debug\clipxapi.tlog\cl.write.1.tlog
c:\users\siepmann\desktop\clipx_clipxapi\clipx\x64\debug\clipxapi.tlog\clipxapi.write.1u.tlog
c:\users\siepmann\desktop\clipx_clipxapi\clipx\x64\debug\clipxapi.tlog\link.12348.delete.1.tlog
c:\users\siepmann\desktop\clipx_clipxapi\clipx\x64\debug\clipxapi.tlog\link.30304.delete.1.tlog
c:\users\siepmann\desktop\clipx_clipxapi\clipx\x64\debug\clipxapi.tlog\link.45796.delete.1.tlog
c:\users\siepmann\desktop\clipx_clipxapi\clipx\x64\debug\clipxapi.tlog\link.7212.delete.1.tlog
c:\users\siepmann\desktop\clipx_clipxapi\clipx\x64\debug\clipxapi.tlog\link.command.1.tlog
c:\users\siepmann\desktop\clipx_clipxapi\clipx\x64\debug\clipxapi.tlog\link.delete.1.tlog
c:\users\siepmann\desktop\clipx_clipxapi\clipx\x64\debug\clipxapi.tlog\link.read.1.tlog
c:\users\siepmann\desktop\clipx_clipxapi\clipx\x64\debug\clipxapi.tlog\link.write.1.tlog
